#
# There is insufficient memory for the Java Runtime Environment to continue.
# Native memory allocation (mmap) failed to map 534773760 bytes for Failed to commit area from 0x0000000602400000 to 0x0000000622200000 of length 534773760.
# Possible reasons:
#   The system is out of physical RAM or swap space
#   The process is running with CompressedOops enabled, and the Java Heap may be blocking the growth of the native heap
# Possible solutions:
#   Reduce memory load on the system
#   Increase physical memory or swap space
#   Check if swap backing store is full
#   Decrease Java heap size (-Xmx/-Xms)
#   Decrease number of Java threads
#   Decrease Java thread stack sizes (-Xss)
#   Set larger code cache with -XX:ReservedCodeCacheSize=
# This output file may be truncated or incomplete.
#
#  Out of Memory Error (./src/hotspot/os/windows/os_windows.cpp:3619), pid=50620, tid=16852
#
# JRE version:  (11.0.13+7) (build )
# Java VM: OpenJDK 64-Bit Server VM (11.0.13+7-b1751.25, mixed mode, sharing, tiered, compressed oops, g1 gc, windows-amd64)
# No core dump will be written. Minidumps are not enabled by default on client versions of Windows
#

---------------  S U M M A R Y ------------

Command Line: git4idea.http.GitAskPassApp Username for 'https://e.coding.net': 

Host: Intel(R) Core(TM) i7-10700F CPU @ 2.90GHz, 16 cores, 31G,  Windows 11 , 64 bit Build 22000 (10.0.22000.2360)
Time: Sat Oct 14 11:50:02 2023 中国标准时间 elapsed time: 0.013177 seconds (0d 0h 0m 0s)

---------------  T H R E A D  ---------------

Current thread (0x000002c32b5c0800):  JavaThread "Unknown thread" [_thread_in_vm, id=16852, stack(0x000000dec2500000,0x000000dec2600000)]

Stack: [0x000000dec2500000,0x000000dec2600000]
Native frames: (J=compiled Java code, j=interpreted, Vv=VM code, C=native code)
V  [jvm.dll+0x613daa]
V  [jvm.dll+0x799b30]
V  [jvm.dll+0x79b14d]
V  [jvm.dll+0x79b823]
V  [jvm.dll+0x24c958]
V  [jvm.dll+0x610e24]
V  [jvm.dll+0x605b25]
V  [jvm.dll+0x30aaab]
V  [jvm.dll+0x30aa1a]
V  [jvm.dll+0x30a8f2]
V  [jvm.dll+0x30f856]
V  [jvm.dll+0x359143]
V  [jvm.dll+0x359846]
V  [jvm.dll+0x359243]
V  [jvm.dll+0x2e57a8]
V  [jvm.dll+0x2e6947]
V  [jvm.dll+0x776d47]
V  [jvm.dll+0x77853c]
V  [jvm.dll+0x3666c9]
V  [jvm.dll+0x75a9ce]
V  [jvm.dll+0x3d47d3]
V  [jvm.dll+0x3d6d21]
C  [jli.dll+0x536b]
C  [ucrtbase.dll+0x26c0c]
C  [KERNEL32.DLL+0x153e0]
C  [ntdll.dll+0x485b]


---------------  P R O C E S S  ---------------

Threads class SMR info:
_java_thread_list=0x000002c329ad9b80, length=0, elements={
}

Java Threads: ( => current thread )

Other Threads:
  0x000002c32b5da000 GCTaskThread "GC Thread#0" [stack: 0x000000dec2600000,0x000000dec2700000] [id=50040]
  0x000002c32b65c800 ConcurrentGCThread "G1 Main Marker" [stack: 0x000000dec2700000,0x000000dec2800000] [id=36648]
  0x000002c32b65e000 ConcurrentGCThread "G1 Conc#0" [stack: 0x000000dec2800000,0x000000dec2900000] [id=38104]

[error occurred during error reporting (printing all threads), id 0xc0000005, EXCEPTION_ACCESS_VIOLATION (0xc0000005) at pc=0x00007ffe33ff5c97]

VM state:not at safepoint (not fully initialized)

VM Mutex/Monitor currently owned by a thread:  ([mutex/lock_event])
[0x000002c32b5bb4d0] Heap_lock - owner thread: 0x000002c32b5c0800

Heap address: 0x0000000602400000, size: 8156 MB, Compressed Oops mode: Non-zero based: 0x0000000602400000
Narrow klass base: 0x0000000000000000, Narrow klass shift: 0

GC Heap History (0 events):
No events

Deoptimization events (0 events):
No events

Classes redefined (0 events):
No events

Internal exceptions (0 events):
No events

Events (1 events):
Event: 0.010 Loaded shared library C:\Program Files\JetBrains\WebStorm\jbr\bin\zip.dll


Dynamic libraries:
0x00007ff6a86c0000 - 0x00007ff6a86ca000 	C:\Program Files\JetBrains\WebStorm\jbr\bin\java.exe
0x00007ffe9c940000 - 0x00007ffe9cb49000 	C:\Windows\SYSTEM32\ntdll.dll
0x00007ffe9a790000 - 0x00007ffe9a84d000 	C:\Windows\System32\KERNEL32.DLL
0x00007ffe9a1c0000 - 0x00007ffe9a544000 	C:\Windows\System32\KERNELBASE.dll
0x00007ffe9a5c0000 - 0x00007ffe9a6d1000 	C:\Windows\System32\ucrtbase.dll
0x00007ffe942b0000 - 0x00007ffe942c9000 	C:\Program Files\JetBrains\WebStorm\jbr\bin\jli.dll
0x00007ffe8df60000 - 0x00007ffe8df77000 	C:\Program Files\JetBrains\WebStorm\jbr\bin\VCRUNTIME140.dll
0x00007ffe9ba50000 - 0x00007ffe9bbfd000 	C:\Windows\System32\USER32.dll
0x00007ffe9a760000 - 0x00007ffe9a786000 	C:\Windows\System32\win32u.dll
0x00007ffe9b630000 - 0x00007ffe9b65a000 	C:\Windows\System32\GDI32.dll
0x00007ffe99f30000 - 0x00007ffe9a04e000 	C:\Windows\System32\gdi32full.dll
0x00007ffe99dd0000 - 0x00007ffe99e6d000 	C:\Windows\System32\msvcp_win.dll
0x00007ffe913c0000 - 0x00007ffe91665000 	C:\Windows\WinSxS\amd64_microsoft.windows.common-controls_6595b64144ccf1df_6.0.22000.120_none_9d947278b86cc467\COMCTL32.dll
0x00007ffe9a8c0000 - 0x00007ffe9a963000 	C:\Windows\System32\msvcrt.dll
0x00007ffe9b7e0000 - 0x00007ffe9b811000 	C:\Windows\System32\IMM32.DLL
0x00000000517d0000 - 0x00000000517dd000 	C:\Program Files (x86)\360\360Safe\safemon\SafeWrapper.dll
0x00007ffe9c3d0000 - 0x00007ffe9c47e000 	C:\Windows\System32\ADVAPI32.dll
0x00007ffe9c120000 - 0x00007ffe9c1be000 	C:\Windows\System32\sechost.dll
0x00007ffe9bff0000 - 0x00007ffe9c111000 	C:\Windows\System32\RPCRT4.dll
0x00007ffe66790000 - 0x00007ffe6683c000 	C:\Program Files (x86)\360\360Safe\safemon\libzdtp64.dll
0x00007ffe9aa00000 - 0x00007ffe9b1c5000 	C:\Windows\System32\SHELL32.dll
0x00007ffe9a860000 - 0x00007ffe9a8bd000 	C:\Windows\System32\SHLWAPI.dll
0x00007ffe99680000 - 0x00007ffe9968a000 	C:\Windows\SYSTEM32\VERSION.dll
0x00007ffe620a0000 - 0x00007ffe6213d000 	C:\Program Files\JetBrains\WebStorm\jbr\bin\msvcp140.dll
0x00007ffe33d00000 - 0x00007ffe34876000 	C:\Program Files\JetBrains\WebStorm\jbr\bin\server\jvm.dll
0x00007ffe9b690000 - 0x00007ffe9b698000 	C:\Windows\System32\PSAPI.DLL
0x00007ffe910b0000 - 0x00007ffe910e3000 	C:\Windows\SYSTEM32\WINMM.dll
0x00007ffe97170000 - 0x00007ffe97179000 	C:\Windows\SYSTEM32\WSOCK32.dll
0x00007ffe9b820000 - 0x00007ffe9b88f000 	C:\Windows\System32\WS2_32.dll
0x00007ffe98dd0000 - 0x00007ffe98de8000 	C:\Windows\SYSTEM32\kernel.appcore.dll
0x00007ffe94340000 - 0x00007ffe94351000 	C:\Program Files\JetBrains\WebStorm\jbr\bin\verify.dll
0x00007ffe951c0000 - 0x00007ffe953e1000 	C:\Windows\SYSTEM32\DBGHELP.DLL
0x00007ffe94db0000 - 0x00007ffe94de1000 	C:\Windows\SYSTEM32\dbgcore.DLL
0x00007ffe9a6e0000 - 0x00007ffe9a75f000 	C:\Windows\System32\bcryptPrimitives.dll
0x00007ffe8f070000 - 0x00007ffe8f099000 	C:\Program Files\JetBrains\WebStorm\jbr\bin\java.dll
0x00007ffe94700000 - 0x00007ffe9470b000 	C:\Program Files\JetBrains\WebStorm\jbr\bin\jimage.dll
0x00007ffe93060000 - 0x00007ffe93078000 	C:\Program Files\JetBrains\WebStorm\jbr\bin\zip.dll

dbghelp: loaded successfully - version: 4.0.5 - missing functions: none
symbol engine: initialized successfully - sym options: 0x614 - pdb path: .;C:\Program Files\JetBrains\WebStorm\jbr\bin;C:\Windows\SYSTEM32;C:\Windows\WinSxS\amd64_microsoft.windows.common-controls_6595b64144ccf1df_6.0.22000.120_none_9d947278b86cc467;C:\Program Files (x86)\360\360Safe\safemon;C:\Program Files\JetBrains\WebStorm\jbr\bin\server

VM Arguments:
java_command: git4idea.http.GitAskPassApp Username for 'https://e.coding.net': 
java_class_path (initial): C:/Program Files/JetBrains/WebStorm/plugins/git4idea/lib/git4idea-rt.jar;C:/Program Files/JetBrains/WebStorm/lib/3rd-party.jar;C:/Program Files/JetBrains/WebStorm/lib/3rd-party-rt.jar
Launcher Type: SUN_STANDARD

[Global flags]
     intx CICompilerCount                          = 12                                        {product} {ergonomic}
     uint ConcGCThreads                            = 3                                         {product} {ergonomic}
     uint G1ConcRefinementThreads                  = 13                                        {product} {ergonomic}
   size_t G1HeapRegionSize                         = 2097152                                   {product} {ergonomic}
    uintx GCDrainStackTargetSize                   = 64                                        {product} {ergonomic}
   size_t InitialHeapSize                          = 534773760                                 {product} {ergonomic}
   size_t MarkStackSize                            = 4194304                                   {product} {ergonomic}
   size_t MaxHeapSize                              = 8552185856                                {product} {ergonomic}
   size_t MinHeapDeltaBytes                        = 2097152                                   {product} {ergonomic}
    uintx NonNMethodCodeHeapSize                   = 7594288                                {pd product} {ergonomic}
    uintx NonProfiledCodeHeapSize                  = 122031976                              {pd product} {ergonomic}
    uintx ProfiledCodeHeapSize                     = 122031976                              {pd product} {ergonomic}
    uintx ReservedCodeCacheSize                    = 251658240                              {pd product} {ergonomic}
     bool SegmentedCodeCache                       = true                                      {product} {ergonomic}
     bool UseCompressedClassPointers               = true                                 {lp64_product} {ergonomic}
     bool UseCompressedOops                        = true                                 {lp64_product} {ergonomic}
     bool UseG1GC                                  = true                                      {product} {ergonomic}
     bool UseLargePagesIndividualAllocation        = false                                  {pd product} {ergonomic}

Logging:
Log output configuration:
 #0: stdout all=warning uptime,level,tags
 #1: stderr all=off uptime,level,tags

Environment Variables:
PATH=C:\Program Files\Git\mingw64\libexec\git-core;C:\Program Files\Git\mingw64\libexec\git-core;C:\Program Files\Git\mingw64\bin;C:\Program Files\Git\usr\bin;C:\Users\shiguang\bin;C:\Program Files (x86)\Common Files\Oracle\Java\javapath;C:\Windows\system32;C:\Windows;C:\Windows\System32\Wbem;C:\Windows\System32\WindowsPowerShell\v1.0;C:\Windows\System32\OpenSSH;C:\Program Files\Git\cmd;C:\Program Files (x86)\dotnet;C:\Program Files\nodejs;D:\微信web开发者工具\dll;C:\Users\shiguang\AppData\Local\Microsoft\WindowsApps;C:\Program Files\JetBrains\WebStorm\bin;C:\Users\shiguang\AppData\Local\Programs\Microsoft VS Code\bin;C:\Users\shiguang\AppData\Roaming\npm
USERNAME=shiguang
DISPLAY=:0.0
LC_ALL=en_US.UTF-8
OS=Windows_NT
PROCESSOR_IDENTIFIER=Intel64 Family 6 Model 165 Stepping 5, GenuineIntel



---------------  S Y S T E M  ---------------

OS: Windows 11 , 64 bit Build 22000 (10.0.22000.2360)
OS uptime: 29 days 23:00 hours

CPU:total 16 (initial active 16) (8 cores per cpu, 2 threads per core) family 6 model 165 stepping 5 microcode 0xe2, cmov, cx8, fxsr, mmx, sse, sse2, sse3, ssse3, sse4.1, sse4.2, popcnt, avx, avx2, aes, clmul, erms, 3dnowpref, lzcnt, ht, tsc, tscinvbit, bmi1, bmi2, adx, fma

Memory: 4k page, system-wide physical 32617M (8159M free)
TotalPageFile size 44594M (AvailPageFile size 445M)
current process WorkingSet (physical memory assigned to process): 12M, peak: 12M
current process commit charge ("private bytes"): 71M, peak: 581M

vm_info: OpenJDK 64-Bit Server VM (11.0.13+7-b1751.25) for windows-amd64 JRE (11.0.13+7-b1751.25), built on Jan 13 2022 20:47:27 by "" with MS VC++ 14.0 (VS2015)

END.
